[debug] [2020-03-07T09:50:50.185Z] ----------------------------------------------------------------------
[debug] [2020-03-07T09:50:50.187Z] Command:       /usr/local/bin/node /usr/local/bin/firebase init
[debug] [2020-03-07T09:50:50.187Z] CLI Version:   7.14.0
[debug] [2020-03-07T09:50:50.187Z] Platform:      darwin
[debug] [2020-03-07T09:50:50.187Z] Node Version:  v12.14.0
[debug] [2020-03-07T09:50:50.188Z] Time:          Sat Mar 07 2020 15:20:50 GMT+0530 (India Standard Time)
[debug] [2020-03-07T09:50:50.188Z] ----------------------------------------------------------------------
[debug] [2020-03-07T09:50:50.188Z] 
[debug] [2020-03-07T09:50:50.199Z] > command requires scopes: ["email","openid","https://www.googleapis.com/auth/cloudplatformprojects.readonly","https://www.googleapis.com/auth/firebase","https://www.googleapis.com/auth/cloud-platform"]
[debug] [2020-03-07T09:50:50.199Z] > authorizing via signed-in user
[info] 
     ######## #### ########  ######## ########     ###     ######  ########
     ##        ##  ##     ## ##       ##     ##  ##   ##  ##       ##
     ######    ##  ########  ######   ########  #########  ######  ######
     ##        ##  ##    ##  ##       ##     ## ##     ##       ## ##
     ##       #### ##     ## ######## ########  ##     ##  ######  ########

You're about to initialize a Firebase project in this directory:

  /Users/boanerges/Desktop/project-BLOG-API/frontend/my-app

[info] 
=== Project Setup
[info] 
[info] First, let's associate this project directory with a Firebase project.
[info] You can create multiple project aliases by running firebase use --add, 
[info] but for now we'll just set up a default project.
[info] 
[debug] [2020-03-07T09:51:06.650Z] >>> HTTP REQUEST GET https://firebase.googleapis.com/v1beta1/projects?pageSize=100  
 
[debug] [2020-03-07T09:51:16.381Z] <<< HTTP RESPONSE 200
[info] i  Using project dort-blgo-frontent (dort-blgo)
[info] 
=== Hosting Setup
[info] 
[info] Your public directory is the folder (relative to your project directory) that
[info] will contain Hosting assets to be uploaded with firebase deploy. If you
[info] have a build process for your assets, use your build's output directory.
[info] 
